<?xml version="1.0" encoding="UTF-8"?>
<!-- Generated by org.testng.reporters.JUnitXMLReporter -->
<testsuite ignored="0" hostname="bhagyameena1" failures="0" tests="1" name="Test" time="0.066" errors="0" timestamp="24 Mar 2022 05:12:52 GMT">
  <testcase classname="cucumber.api.testng.AbstractTestNGCucumberTests" name="@BeforeClass setUpClass" time="0.036">
    <failure type="cucumber.runtime.CucumberException" message="Couldn&amp;apos;t load plugin class: null">
      <![CDATA[cucumber.runtime.CucumberException: Couldn't load plugin class: null
at cucumber.runtime.formatter.PluginFactory.loadClass(PluginFactory.java:181)
at cucumber.runtime.formatter.PluginFactory.pluginClass(PluginFactory.java:166)
at cucumber.runtime.formatter.PluginFactory.getPluginClass(PluginFactory.java:223)
at cucumber.runtime.formatter.PluginFactory.isFormatterName(PluginFactory.java:201)
at cucumber.runtime.RuntimeOptions$ParsedPluginData.addPluginName(RuntimeOptions.java:365)
at cucumber.runtime.RuntimeOptions.parse(RuntimeOptions.java:125)
at cucumber.runtime.RuntimeOptions.<init>(RuntimeOptions.java:85)
at cucumber.runtime.RuntimeOptions.<init>(RuntimeOptions.java:78)
at cucumber.runtime.RuntimeOptions.<init>(RuntimeOptions.java:70)
at cucumber.runtime.RuntimeOptionsFactory.create(RuntimeOptionsFactory.java:25)
at cucumber.api.testng.TestNGCucumberRunner.<init>(TestNGCucumberRunner.java:37)
at cucumber.api.testng.AbstractTestNGCucumberTests.setUpClass(AbstractTestNGCucumberTests.java:16)
Caused by: java.lang.ClassNotFoundException: null
at java.base/jdk.internal.loader.BuiltinClassLoader.loadClass(BuiltinClassLoader.java:582)
at java.base/jdk.internal.loader.ClassLoaders$AppClassLoader.loadClass(ClassLoaders.java:178)
at java.base/java.lang.ClassLoader.loadClass(ClassLoader.java:521)
at cucumber.runtime.formatter.PluginFactory.loadClass(PluginFactory.java:174)
... 37 more
... Removed 26 stack frames]]>
    </failure>
  </testcase> <!-- @BeforeClass setUpClass -->
  <testcase classname="cucumber.api.testng.AbstractTestNGCucumberTests" name="@AfterClass tearDownClass" time="0.0">
    <failure type="java.lang.NullPointerException">
      <![CDATA[java.lang.NullPointerException
at cucumber.api.testng.AbstractTestNGCucumberTests.tearDownClass(AbstractTestNGCucumberTests.java:34)
... Removed 26 stack frames]]>
    </failure>
  </testcase> <!-- @AfterClass tearDownClass -->
  <testcase classname="cucumber.api.testng.AbstractTestNGCucumberTests" name="feature" time="0.0">
    <skipped/>
  </testcase> <!-- feature -->
</testsuite> <!-- Test -->
